<?xml version="1.0" encoding="UTF-8"?>
<!-- Generated by org.testng.reporters.JUnitReportReporter -->
<testsuite skipped="0" hostname="LAPTOP-CU870VSL" name="Test.Test_flipKartApp" tests="2" failures="0" timestamp="19 Jul 2018 16:36:43 GMT" time="0.011" errors="0">
  <testcase name="switchToGmail" time="0.003" classname="Test.Test_flipKartApp"/>
  <testcase name="test" time="0.008" classname="Test.Test_flipKartApp"/>
</testsuite> <!-- Test.Test_flipKartApp -->
