<?xml version="1.0" encoding="UTF-8"?>
<!-- Generated by org.testng.reporters.JUnitReportReporter -->
<testsuite skipped="0" hostname="LAPTOP-CU870VSL" name="com.eBay.TestScripts.TestScript" tests="5" failures="0" timestamp="30 Jul 2018 19:30:37 GMT" time="134.934" errors="2">
  <testcase name="homePage_TestCase_001" time="101.024" classname="com.eBay.TestScripts.TestScript"/>
  <testcase name="tearDown" time="1.262" classname="com.eBay.TestScripts.TestScript">
    <error type="org.openqa.selenium.WebDriverException" message="An unknown server-side error occurred while processing the command. Original error: Cannot get screenshot data because of &#039;The size of the taken screenshot equals to zero.&#039; (WARNING: The server did not provide any stacktrace information)
Command duration or timeout: 0 milliseconds
Build info: version: &#039;3.6.0&#039;, revision: &#039;6fbf3ec767&#039;, time: &#039;2017-09-27T15:28:36.4Z&#039;
System info: host: &#039;LAPTOP-CU870VSL&#039;, ip: &#039;192.168.31.190&#039;, os.name: &#039;Windows 10&#039;, os.arch: &#039;amd64&#039;, os.version: &#039;10.0&#039;, java.version: &#039;1.8.0_151&#039;
Driver info: io.appium.java_client.android.AndroidDriver
Capabilities [{app=C:\Users\Ahmer\Centralize\Appium\eBay\eBay_Automation_Framework\app\Android\eBay.apk, appPackage=com.ebay.mobile, deviceScreenSize=1080x1920, networkConnectionEnabled=true, noReset=false, warnings={}, appWaitActivity=SplashActivity, SplashActivity,OtherActivity, *, *.SplashActivity, appWaitPackage=com.ebay.mobile, databaseEnabled=false, adbPort=5038, deviceName=55e9b522, platform=LINUX, deviceUDID=55e9b522, appActivity=com.ebay.mobile.activities.MainActivity, desired={app=C:\Users\Ahmer\Centralize\Appium\eBay\eBay_Automation_Framework\app\Android\eBay.apk, noReset=false, platformVersion=6.0.1, appWaitActivity=SplashActivity, SplashActivity,OtherActivity, *, *.SplashActivity, udid=55e9b522, adbPort=5038, platformName=Android, deviceName=ONE E1003}, platformVersion=6.0.1, webStorageEnabled=false, locationContextEnabled=false, takesScreenshot=true, javascriptEnabled=true, deviceModel=ONE E1003, udid=55e9b522, deviceManufacturer=OnePlus, platformName=LINUX}]
Session ID: 130170da-8e24-4852-aaa1-adba25a74a34">
      <![CDATA[org.openqa.selenium.WebDriverException: An unknown server-side error occurred while processing the command. Original error: Cannot get screenshot data because of 'The size of the taken screenshot equals to zero.' (WARNING: The server did not provide any stacktrace information)
Command duration or timeout: 0 milliseconds
Build info: version: '3.6.0', revision: '6fbf3ec767', time: '2017-09-27T15:28:36.4Z'
System info: host: 'LAPTOP-CU870VSL', ip: '192.168.31.190', os.name: 'Windows 10', os.arch: 'amd64', os.version: '10.0', java.version: '1.8.0_151'
Driver info: io.appium.java_client.android.AndroidDriver
Capabilities [{app=C:\Users\Ahmer\Centralize\Appium\eBay\eBay_Automation_Framework\app\Android\eBay.apk, appPackage=com.ebay.mobile, deviceScreenSize=1080x1920, networkConnectionEnabled=true, noReset=false, warnings={}, appWaitActivity=SplashActivity, SplashActivity,OtherActivity, *, *.SplashActivity, appWaitPackage=com.ebay.mobile, databaseEnabled=false, adbPort=5038, deviceName=55e9b522, platform=LINUX, deviceUDID=55e9b522, appActivity=com.ebay.mobile.activities.MainActivity, desired={app=C:\Users\Ahmer\Centralize\Appium\eBay\eBay_Automation_Framework\app\Android\eBay.apk, noReset=false, platformVersion=6.0.1, appWaitActivity=SplashActivity, SplashActivity,OtherActivity, *, *.SplashActivity, udid=55e9b522, adbPort=5038, platformName=Android, deviceName=ONE E1003}, platformVersion=6.0.1, webStorageEnabled=false, locationContextEnabled=false, takesScreenshot=true, javascriptEnabled=true, deviceModel=ONE E1003, udid=55e9b522, deviceManufacturer=OnePlus, platformName=LINUX}]
Session ID: 130170da-8e24-4852-aaa1-adba25a74a34
	at sun.reflect.NativeConstructorAccessorImpl.newInstance0(Native Method)
	at sun.reflect.NativeConstructorAccessorImpl.newInstance(Unknown Source)
	at sun.reflect.DelegatingConstructorAccessorImpl.newInstance(Unknown Source)
	at java.lang.reflect.Constructor.newInstance(Unknown Source)
	at org.openqa.selenium.remote.ErrorHandler.createThrowable(ErrorHandler.java:214)
	at org.openqa.selenium.remote.ErrorHandler.throwIfResponseFailed(ErrorHandler.java:166)
	at org.openqa.selenium.remote.http.JsonHttpResponseCodec.reconstructValue(JsonHttpResponseCodec.java:40)
	at org.openqa.selenium.remote.http.AbstractHttpResponseCodec.decode(AbstractHttpResponseCodec.java:82)
	at org.openqa.selenium.remote.http.AbstractHttpResponseCodec.decode(AbstractHttpResponseCodec.java:45)
	at org.openqa.selenium.remote.HttpCommandExecutor.execute(HttpCommandExecutor.java:164)
	at io.appium.java_client.remote.AppiumCommandExecutor.execute(AppiumCommandExecutor.java:89)
	at org.openqa.selenium.remote.RemoteWebDriver.execute(RemoteWebDriver.java:586)
	at io.appium.java_client.DefaultGenericMobileDriver.execute(DefaultGenericMobileDriver.java:46)
	at io.appium.java_client.AppiumDriver.execute(AppiumDriver.java:1)
	at io.appium.java_client.android.AndroidDriver.execute(AndroidDriver.java:1)
	at org.openqa.selenium.remote.RemoteWebDriver.getScreenshotAs(RemoteWebDriver.java:328)
	at com.eBay.util.DriverTestCase.tearDown(DriverTestCase.java:64)
	at sun.reflect.NativeMethodAccessorImpl.invoke0(Native Method)
	at sun.reflect.NativeMethodAccessorImpl.invoke(Unknown Source)
	at sun.reflect.DelegatingMethodAccessorImpl.invoke(Unknown Source)
	at java.lang.reflect.Method.invoke(Unknown Source)
	at org.testng.internal.MethodInvocationHelper.invokeMethod(MethodInvocationHelper.java:108)
	at org.testng.internal.Invoker.invokeConfigurationMethod(Invoker.java:523)
	at org.testng.internal.Invoker.invokeConfigurations(Invoker.java:224)
	at org.testng.internal.Invoker.invokeMethod(Invoker.java:731)
	at org.testng.internal.Invoker.invokeTestMethod(Invoker.java:877)
	at org.testng.internal.Invoker.invokeTestMethods(Invoker.java:1201)
	at org.testng.internal.TestMethodWorker.invokeTestMethods(TestMethodWorker.java:125)
	at org.testng.internal.TestMethodWorker.run(TestMethodWorker.java:109)
	at org.testng.TestRunner.privateRun(TestRunner.java:776)
	at org.testng.TestRunner.run(TestRunner.java:634)
	at org.testng.SuiteRunner.runTest(SuiteRunner.java:425)
	at org.testng.SuiteRunner.runSequentially(SuiteRunner.java:420)
	at org.testng.SuiteRunner.privateRun(SuiteRunner.java:385)
	at org.testng.SuiteRunner.run(SuiteRunner.java:334)
	at org.testng.SuiteRunnerWorker.runSuite(SuiteRunnerWorker.java:52)
	at org.testng.SuiteRunnerWorker.run(SuiteRunnerWorker.java:86)
	at org.testng.TestNG.runSuitesSequentially(TestNG.java:1318)
	at org.testng.TestNG.runSuitesLocally(TestNG.java:1243)
	at org.testng.TestNG.runSuites(TestNG.java:1161)
	at org.testng.TestNG.run(TestNG.java:1129)
	at org.testng.remote.AbstractRemoteTestNG.run(AbstractRemoteTestNG.java:114)
	at org.testng.remote.RemoteTestNG.initAndRun(RemoteTestNG.java:251)
	at org.testng.remote.RemoteTestNG.main(RemoteTestNG.java:77)
]]>
    </error>
  </testcase> <!-- tearDown -->
  <testcase name="searchResultPage_TestCase_002" time="17.096" classname="com.eBay.TestScripts.TestScript"/>
  <testcase name="productDetailsPage_TestCase_003" time="12.677" classname="com.eBay.TestScripts.TestScript"/>
  <testcase name="signInPage_TestCase_004" time="2.875" classname="com.eBay.TestScripts.TestScript">
    <error type="org.openqa.selenium.WebDriverException" message="An unknown server-side error occurred while processing the command. (WARNING: The server did not provide any stacktrace information)
Command duration or timeout: 0 milliseconds
Build info: version: &#039;3.6.0&#039;, revision: &#039;6fbf3ec767&#039;, time: &#039;2017-09-27T15:28:36.4Z&#039;
System info: host: &#039;LAPTOP-CU870VSL&#039;, ip: &#039;192.168.31.190&#039;, os.name: &#039;Windows 10&#039;, os.arch: &#039;amd64&#039;, os.version: &#039;10.0&#039;, java.version: &#039;1.8.0_151&#039;
Driver info: io.appium.java_client.android.AndroidDriver
Capabilities [{app=C:\Users\Ahmer\Centralize\Appium\eBay\eBay_Automation_Framework\app\Android\eBay.apk, appPackage=com.ebay.mobile, deviceScreenSize=1080x1920, networkConnectionEnabled=true, noReset=false, warnings={}, appWaitActivity=SplashActivity, SplashActivity,OtherActivity, *, *.SplashActivity, appWaitPackage=com.ebay.mobile, databaseEnabled=false, adbPort=5038, deviceName=55e9b522, platform=LINUX, deviceUDID=55e9b522, appActivity=com.ebay.mobile.activities.MainActivity, desired={app=C:\Users\Ahmer\Centralize\Appium\eBay\eBay_Automation_Framework\app\Android\eBay.apk, noReset=false, platformVersion=6.0.1, appWaitActivity=SplashActivity, SplashActivity,OtherActivity, *, *.SplashActivity, udid=55e9b522, adbPort=5038, platformName=Android, deviceName=ONE E1003}, platformVersion=6.0.1, webStorageEnabled=false, locationContextEnabled=false, takesScreenshot=true, javascriptEnabled=true, deviceModel=ONE E1003, udid=55e9b522, deviceManufacturer=OnePlus, platformName=LINUX}]
Session ID: 130170da-8e24-4852-aaa1-adba25a74a34">
      <![CDATA[org.openqa.selenium.WebDriverException: An unknown server-side error occurred while processing the command. (WARNING: The server did not provide any stacktrace information)
Command duration or timeout: 0 milliseconds
Build info: version: '3.6.0', revision: '6fbf3ec767', time: '2017-09-27T15:28:36.4Z'
System info: host: 'LAPTOP-CU870VSL', ip: '192.168.31.190', os.name: 'Windows 10', os.arch: 'amd64', os.version: '10.0', java.version: '1.8.0_151'
Driver info: io.appium.java_client.android.AndroidDriver
Capabilities [{app=C:\Users\Ahmer\Centralize\Appium\eBay\eBay_Automation_Framework\app\Android\eBay.apk, appPackage=com.ebay.mobile, deviceScreenSize=1080x1920, networkConnectionEnabled=true, noReset=false, warnings={}, appWaitActivity=SplashActivity, SplashActivity,OtherActivity, *, *.SplashActivity, appWaitPackage=com.ebay.mobile, databaseEnabled=false, adbPort=5038, deviceName=55e9b522, platform=LINUX, deviceUDID=55e9b522, appActivity=com.ebay.mobile.activities.MainActivity, desired={app=C:\Users\Ahmer\Centralize\Appium\eBay\eBay_Automation_Framework\app\Android\eBay.apk, noReset=false, platformVersion=6.0.1, appWaitActivity=SplashActivity, SplashActivity,OtherActivity, *, *.SplashActivity, udid=55e9b522, adbPort=5038, platformName=Android, deviceName=ONE E1003}, platformVersion=6.0.1, webStorageEnabled=false, locationContextEnabled=false, takesScreenshot=true, javascriptEnabled=true, deviceModel=ONE E1003, udid=55e9b522, deviceManufacturer=OnePlus, platformName=LINUX}]
Session ID: 130170da-8e24-4852-aaa1-adba25a74a34
	at sun.reflect.NativeConstructorAccessorImpl.newInstance0(Native Method)
	at sun.reflect.NativeConstructorAccessorImpl.newInstance(Unknown Source)
	at sun.reflect.DelegatingConstructorAccessorImpl.newInstance(Unknown Source)
	at java.lang.reflect.Constructor.newInstance(Unknown Source)
	at org.openqa.selenium.remote.ErrorHandler.createThrowable(ErrorHandler.java:214)
	at org.openqa.selenium.remote.ErrorHandler.throwIfResponseFailed(ErrorHandler.java:166)
	at org.openqa.selenium.remote.http.JsonHttpResponseCodec.reconstructValue(JsonHttpResponseCodec.java:40)
	at org.openqa.selenium.remote.http.AbstractHttpResponseCodec.decode(AbstractHttpResponseCodec.java:82)
	at org.openqa.selenium.remote.http.AbstractHttpResponseCodec.decode(AbstractHttpResponseCodec.java:45)
	at org.openqa.selenium.remote.HttpCommandExecutor.execute(HttpCommandExecutor.java:164)
	at io.appium.java_client.remote.AppiumCommandExecutor.execute(AppiumCommandExecutor.java:89)
	at org.openqa.selenium.remote.RemoteWebDriver.execute(RemoteWebDriver.java:586)
	at io.appium.java_client.DefaultGenericMobileDriver.execute(DefaultGenericMobileDriver.java:42)
	at io.appium.java_client.AppiumDriver.execute(AppiumDriver.java:1)
	at io.appium.java_client.android.AndroidDriver.execute(AndroidDriver.java:1)
	at io.appium.java_client.AppiumDriver.rotate(AppiumDriver.java:239)
	at com.eBay.PageHelper.eBayPageHelper.orientationTest(eBayPageHelper.java:327)
	at com.eBay.TestScripts.TestScript.signInPage_TestCase_004(TestScript.java:91)
	at sun.reflect.NativeMethodAccessorImpl.invoke0(Native Method)
	at sun.reflect.NativeMethodAccessorImpl.invoke(Unknown Source)
	at sun.reflect.DelegatingMethodAccessorImpl.invoke(Unknown Source)
	at java.lang.reflect.Method.invoke(Unknown Source)
	at org.testng.internal.MethodInvocationHelper.invokeMethod(MethodInvocationHelper.java:108)
	at org.testng.internal.Invoker.invokeMethod(Invoker.java:669)
	at org.testng.internal.Invoker.invokeTestMethod(Invoker.java:877)
	at org.testng.internal.Invoker.invokeTestMethods(Invoker.java:1201)
	at org.testng.internal.TestMethodWorker.invokeTestMethods(TestMethodWorker.java:125)
	at org.testng.internal.TestMethodWorker.run(TestMethodWorker.java:109)
	at org.testng.TestRunner.privateRun(TestRunner.java:776)
	at org.testng.TestRunner.run(TestRunner.java:634)
	at org.testng.SuiteRunner.runTest(SuiteRunner.java:425)
	at org.testng.SuiteRunner.runSequentially(SuiteRunner.java:420)
	at org.testng.SuiteRunner.privateRun(SuiteRunner.java:385)
	at org.testng.SuiteRunner.run(SuiteRunner.java:334)
	at org.testng.SuiteRunnerWorker.runSuite(SuiteRunnerWorker.java:52)
	at org.testng.SuiteRunnerWorker.run(SuiteRunnerWorker.java:86)
	at org.testng.TestNG.runSuitesSequentially(TestNG.java:1318)
	at org.testng.TestNG.runSuitesLocally(TestNG.java:1243)
	at org.testng.TestNG.runSuites(TestNG.java:1161)
	at org.testng.TestNG.run(TestNG.java:1129)
	at org.testng.remote.AbstractRemoteTestNG.run(AbstractRemoteTestNG.java:114)
	at org.testng.remote.RemoteTestNG.initAndRun(RemoteTestNG.java:251)
	at org.testng.remote.RemoteTestNG.main(RemoteTestNG.java:77)
]]>
    </error>
  </testcase> <!-- signInPage_TestCase_004 -->
</testsuite> <!-- com.eBay.TestScripts.TestScript -->
