<?xml version="1.0" encoding="UTF-8"?>
<!-- Generated by org.testng.reporters.JUnitReportReporter -->
<testsuite skipped="0" hostname="LAPTOP-CU870VSL" name="com.eBay.TestScripts.TestScript" tests="4" failures="0" timestamp="28 Jul 2018 22:17:38 GMT" time="177.366" errors="0">
  <testcase name="productDetailsPage_TestCase_003" time="9.339" classname="com.eBay.TestScripts.TestScript"/>
  <testcase name="searchResultPage_TestCase_002" time="62.866" classname="com.eBay.TestScripts.TestScript"/>
  <testcase name="homePage_TestCase_001" time="101.549" classname="com.eBay.TestScripts.TestScript"/>
  <testcase name="signInPage_TestCase_004" time="3.612" classname="com.eBay.TestScripts.TestScript"/>
</testsuite> <!-- com.eBay.TestScripts.TestScript -->
