<?xml version="1.0" encoding="UTF-8"?>
<!-- Generated by org.testng.reporters.JUnitReportReporter -->
<testsuite skipped="0" hostname="LAPTOP-CU870VSL" name="Test.Test_ContactSearch" tests="1" failures="0" timestamp="06 Jul 2018 22:09:44 GMT" time="21.178" errors="0">
  <testcase name="searchContact" time="21.178" classname="Test.Test_ContactSearch"/>
</testsuite> <!-- Test.Test_ContactSearch -->
